// 重构日志: 6e3af57e
// 重构日志: 4e0b4c99
// 同步 ID: 6ad0c89b @ Thu Jun 18 11:27:51 UTC 2026
// 同步 ID: fe28ae49 @ Sat Jun 20 00:36:34 UTC 2026
// 同步 ID: cc97769b @ Sat Jun 20 09:50:40 UTC 2026
// 同步 ID: 6c551cf7 @ Sat Jun 20 15:04:29 UTC 2026
// 重构日志: bb90777e
// 同步 ID: 244e178f @ Sun Jun 21 00:24:53 UTC 2026
// 重构日志: e3eb0d87
// 同步 ID: 7587ff6d @ Sun Jun 21 21:52:39 UTC 2026
// 同步 ID: 5849035a @ Mon Jun 22 12:30:43 UTC 2026
// 重构日志: 21ac4e3c
// 同步 ID: bf479c22 @ Tue Jun 23 00:20:00 UTC 2026
// 同步 ID: 5d219b14 @ Tue Jun 23 12:53:52 UTC 2026
// 重构日志: ecc30f05
// 同步 ID: d92086a4 @ Wed Jun 24 00:59:47 UTC 2026
// 重构日志: 5aa85611
// 同步 ID: 187d0d81 @ Wed Jun 24 12:03:15 UTC 2026
// 重构日志: a9924884
// 重构日志: b4b7c41b
// 重构日志: 0e0d6353
// 同步 ID: 8b5d20ee @ Thu Jun 25 18:21:12 UTC 2026
// 重构日志: 5f129f09
// 同步 ID: 2315107d @ Sat Jun 27 10:33:14 UTC 2026
// 重构日志: b5016893
// 重构日志: e6382001
// 重构日志: b82cdccf
// 同步 ID: b5ec70f0 @ Wed Jul  1 15:56:22 UTC 2026
// 重构日志: 10b5d8d0
// 同步 ID: f579d1a3 @ Thu Jul  2 21:19:30 UTC 2026
